<?xml version="1.0" encoding="UTF-8"?>
<!-- Generated by org.testng.reporters.JUnitXMLReporter -->
<testsuite hostname="DESKTOP-U99CFGD" ignored="0" name="Default test" tests="8" failures="0" timestamp="18 Jul 2018 05:35:54 GMT" time="207.074" errors="0">
  <testcase name="verifyContactsPageLable" time="0.059" classname="com.crm.qa.testCases.ContactsPageTest"/>
  <testcase name="selectContactsTest" time="0.116" classname="com.crm.qa.testCases.ContactsPageTest"/>
  <testcase name="selectContactsTest2" time="0.105" classname="com.crm.qa.testCases.ContactsPageTest"/>
  <testcase name="validateCreateNewContact" time="5.251" classname="com.crm.qa.testCases.ContactsPageTest"/>
  <testcase name="validateCreateNewContact" time="5.08" classname="com.crm.qa.testCases.ContactsPageTest"/>
  <testcase name="validateCreateNewContact" time="4.946" classname="com.crm.qa.testCases.ContactsPageTest"/>
  <testcase name="validateCreateNewContact" time="6.376" classname="com.crm.qa.testCases.ContactsPageTest"/>
  <testcase name="validateCreateNewContact" time="5.215" classname="com.crm.qa.testCases.ContactsPageTest"/>
</testsuite> <!-- Default test -->
