<?xml version="1.0" encoding="UTF-8"?>
<!-- Generated by org.testng.reporters.JUnitXMLReporter -->
<testsuite hostname="DESKTOP-U99CFGD" ignored="0" name="Command line test" tests="2" failures="0" timestamp="27 Jul 2018 08:40:04 GMT" time="35.26" errors="0">
  <testcase name="verifyContactsPageLable" time="0.045" classname="com.crm.qa.testCases.ContactsPageTest"/>
  <testcase name="loginPageTitleTest" time="0.019" classname="com.crm.qa.testCases.LoginPageTest"/>
</testsuite> <!-- Command line test -->
