<?xml version="1.0" encoding="UTF-8"?>
<!-- Generated by org.testng.reporters.JUnitXMLReporter -->
<testsuite hostname="DESKTOP-U99CFGD" ignored="0" name="Command line test" tests="2" failures="0" timestamp="19 Jul 2018 01:47:31 GMT" time="37.441" errors="0">
  <testcase name="verifyContactsPageLable" time="0.076" classname="com.crm.qa.testCases.ContactsPageTest"/>
  <testcase name="loginPageTitleTest" time="0.022" classname="com.crm.qa.testCases.LoginPageTest"/>
</testsuite> <!-- Command line test -->
