<?xml version="1.0" encoding="UTF-8"?>
<!-- Generated by org.testng.reporters.JUnitXMLReporter -->
<testsuite hostname="DESKTOP-U99CFGD" ignored="0" name="Free CRM App test cases" tests="14" failures="0" timestamp="18 Jul 2018 15:37:58 GMT" time="307.26" errors="0">
  <testcase name="veriifyHomePageTitleTest" time="0.016" classname="com.crm.qa.testCases.HomePageTests"/>
  <testcase name="loginPageTitleTest" time="0.029" classname="com.crm.qa.testCases.LoginPageTest"/>
  <testcase name="verifyContactsPageLable" time="0.038" classname="com.crm.qa.testCases.ContactsPageTest"/>
  <testcase name="verifyCorrectuserNameTest" time="0.093" classname="com.crm.qa.testCases.HomePageTests"/>
  <testcase name="crmLogoImageTest" time="0.056" classname="com.crm.qa.testCases.LoginPageTest"/>
  <testcase name="selectContactsTest" time="0.115" classname="com.crm.qa.testCases.ContactsPageTest"/>
  <testcase name="verifyContactsLinkTest" time="1.356" classname="com.crm.qa.testCases.HomePageTests"/>
  <testcase name="loginTest" time="14.039" classname="com.crm.qa.testCases.LoginPageTest"/>
  <testcase name="selectContactsTest2" time="0.096" classname="com.crm.qa.testCases.ContactsPageTest"/>
  <testcase name="validateCreateNewContact" time="5.096" classname="com.crm.qa.testCases.ContactsPageTest"/>
  <testcase name="validateCreateNewContact" time="5.713" classname="com.crm.qa.testCases.ContactsPageTest"/>
  <testcase name="validateCreateNewContact" time="4.809" classname="com.crm.qa.testCases.ContactsPageTest"/>
  <testcase name="validateCreateNewContact" time="4.721" classname="com.crm.qa.testCases.ContactsPageTest"/>
  <testcase name="validateCreateNewContact" time="4.93" classname="com.crm.qa.testCases.ContactsPageTest"/>
</testsuite> <!-- Free CRM App test cases -->
