<?xml version="1.0" encoding="UTF-8"?>
<!-- Generated by org.testng.reporters.JUnitXMLReporter -->
<testsuite hostname="DESKTOP-U99CFGD" ignored="0" name="Free CRM App test cases" tests="14" failures="0" timestamp="27 Jul 2018 12:40:34 GMT" time="372.948" errors="0">
  <testcase name="loginPageTitleTest" time="0.021" classname="com.crm.qa.testCases.LoginPageTest"/>
  <testcase name="veriifyHomePageTitleTest" time="0.01" classname="com.crm.qa.testCases.HomePageTests"/>
  <testcase name="verifyContactsPageLable" time="0.073" classname="com.crm.qa.testCases.ContactsPageTest"/>
  <testcase name="crmLogoImageTest" time="0.052" classname="com.crm.qa.testCases.LoginPageTest"/>
  <testcase name="verifyCorrectuserNameTest" time="0.101" classname="com.crm.qa.testCases.HomePageTests"/>
  <testcase name="selectContactsTest" time="0.138" classname="com.crm.qa.testCases.ContactsPageTest"/>
  <testcase name="loginTest" time="17.008" classname="com.crm.qa.testCases.LoginPageTest"/>
  <testcase name="verifyContactsLinkTest" time="1.713" classname="com.crm.qa.testCases.HomePageTests"/>
  <testcase name="selectContactsTest2" time="0.118" classname="com.crm.qa.testCases.ContactsPageTest"/>
  <testcase name="validateCreateNewContact" time="6.587" classname="com.crm.qa.testCases.ContactsPageTest"/>
  <testcase name="validateCreateNewContact" time="5.789" classname="com.crm.qa.testCases.ContactsPageTest"/>
  <testcase name="validateCreateNewContact" time="6.131" classname="com.crm.qa.testCases.ContactsPageTest"/>
  <testcase name="validateCreateNewContact" time="5.877" classname="com.crm.qa.testCases.ContactsPageTest"/>
  <testcase name="validateCreateNewContact" time="6.361" classname="com.crm.qa.testCases.ContactsPageTest"/>
</testsuite> <!-- Free CRM App test cases -->
